<?xml version="1.0" encoding="UTF-8"?>
<testng-results ignored="0" total="1" passed="1" failed="0" skipped="0">
  <reporter-output>
  </reporter-output>
  <suite started-at="2025-07-30T17:36:18 IST" name="Default suite" finished-at="2025-07-30T17:36:20 IST" duration-ms="1615">
    <groups>
    </groups>
    <test started-at="2025-07-30T17:36:18 IST" name="Default test" finished-at="2025-07-30T17:36:20 IST" duration-ms="1615">
      <class name="userManagement.getUsers">
        <test-method signature="testRestAssuredBuilderPattern()[pri:0, instance:userManagement.getUsers@42e99e4a]" started-at="2025-07-30T17:36:18 IST" name="testRestAssuredBuilderPattern" finished-at="2025-07-30T17:36:20 IST" duration-ms="1580" status="PASS">
          <reporter-output>
          </reporter-output>
        </test-method> <!-- testRestAssuredBuilderPattern -->
      </class> <!-- userManagement.getUsers -->
    </test> <!-- Default test -->
  </suite> <!-- Default suite -->
</testng-results>
