<?xml version="1.0" encoding="UTF-8"?>
<!-- Generated by org.testng.reporters.JUnitXMLReporter -->
<testsuite ignored="0" hostname="LAPTOP-74RT8JJQ" failures="1" tests="1" name="API Automation Scenarios Smoke Suite" time="2.394" errors="0" timestamp="2025-07-25T20:36:54 IST">
  <testcase classname="userManagement.postUsers" name="validatePostWithJsonFile" time="2.337">
    <failure type="java.lang.AssertionError" message="expected [200] but found [201]">
      <![CDATA[java.lang.AssertionError: expected [200] but found [201]
at userManagement.postUsers.validatePostWithJsonFile(postUsers.java:76)
at java.base/java.util.ArrayList.forEach(ArrayList.java:1511)
... Removed 33 stack frames]]>
    </failure>
  </testcase> <!-- validatePostWithJsonFile -->
</testsuite> <!-- API Automation Scenarios Smoke Suite -->
